[ 2023-04-23 16:47:07,473 ] 22 root - INFO - Start Exceution of the code
[ 2023-04-23 16:47:08,061 ] 27 root - INFO - Start data Ingetion
[ 2023-04-23 16:47:09,275 ] 32 root - INFO - Complete store the raw data
[ 2023-04-23 16:47:09,300 ] 37 root - INFO - Train split completed
[ 2023-04-23 16:47:10,252 ] 42 root - INFO - complete the Data Ingetion
[ 2023-04-23 16:47:10,460 ] 70 root - INFO - Read train and test data completed
[ 2023-04-23 16:47:10,465 ] 71 root - INFO - Train Dataframe Head : 
   Unnamed: 0      id  carat        cut color clarity  depth  table     x     y     z  price
0       11504   11504   0.41      Ideal     E    VVS2   60.6   56.0  4.85  4.80  2.93   1181
1       95284   95284   1.23  Very Good     H     VS1   59.9   59.0  6.91  7.01  4.19   7418
2      184777  184777   1.70    Premium     H     VS2   62.0   58.0  7.61  7.66  4.74  12755
3        5419    5419   0.33      Ideal     F    VVS1   61.2   56.0  4.47  4.44  2.73   1020
4       45466   45466   0.33  Very Good     I     SI1   62.1   58.0  4.41  4.45  2.75    445
[ 2023-04-23 16:47:10,474 ] 72 root - INFO - Test Dataframe Head  : 
   Unnamed: 0      id  carat        cut color clarity  depth  table     x     y     z  price
0       14868   14868   0.50      Ideal     D     SI1   62.1   57.0  5.05  5.08  3.14   1355
1      165613  165613   2.00  Very Good     G     SI2   59.5   57.0  8.08  8.15  4.89  14691
2       96727   96727   0.27    Premium     E    VVS1   60.5   59.0  4.19  4.16  2.52    844
3      145593  145593   0.32    Premium     I    VVS1   61.2   59.0  4.43  4.44  2.71    707
4      118689  118689   1.19      Ideal     H     SI1   62.5   56.0  6.77  6.81  4.23   5797
[ 2023-04-23 16:47:10,483 ] 80 root - INFO - (135501, 10)
[ 2023-04-23 16:47:10,484 ] 81 root - INFO - (58072, 10)
[ 2023-04-23 16:47:10,484 ] 82 root - INFO - Created input_feature_data and target_feature_data
[ 2023-04-23 16:47:10,484 ] 85 root - INFO - call the preprocessor object for performing the fit_transform method
[ 2023-04-23 16:47:10,484 ] 25 root - INFO - Data Transformation is intiate
[ 2023-04-23 16:47:10,484 ] 35 root - INFO - Pipeline creating
[ 2023-04-23 16:47:10,484 ] 55 root - INFO - Done Pipelineing
[ 2023-04-23 16:47:10,888 ] 90 root - INFO - Applying preprocessing object on training and testing datasets.
[ 2023-04-23 16:47:10,897 ] 22 root - INFO - Initiate the model_training
[ 2023-04-23 16:47:10,897 ] 40 root - INFO - Start the model evalution
[ 2023-04-23 16:47:11,566 ] 42 root - INFO - Done Model Trained
[ 2023-04-23 16:47:11,567 ] 45 root - INFO - Model Report : {'LinearRegression': [675.075827006748, 1029473.3531156846, 1014.6296630375463, 93.1449764161931], 'Lasso': [676.2421173665508, 1029533.150650549, 1014.6591302750638, 93.1370638880677], 'Ridge': [675.1077629781383, 1029482.8101269027, 1014.6343233534448, 93.14462925139509], 'Elasticnet': [1060.9432977143008, 2351174.871397875, 1533.3541245902313, 77.85543602527379]}
[ 2023-04-23 16:47:11,569 ] 63 root - INFO - Done Evalutionn of the model
